<?xml version="1.0" encoding="UTF-8"?>
<!-- Generated by org.testng.reporters.JUnitReportReporter -->
<testsuite hostname="41786VU" name="chapter02.hibernate.PersistenceTest" tests="2" failures="0" timestamp="8 Mar 2016 19:45:58 GMT" time="0.367" errors="0">
  <testcase name="readMessage" time="0.288" classname="chapter02.hibernate.PersistenceTest"/>
  <testcase name="saveMessage" time="0.079" classname="chapter02.hibernate.PersistenceTest"/>
</testsuite> <!-- chapter02.hibernate.PersistenceTest -->
