<?xml version="1.0" encoding="UTF-8"?>
<!-- Generated by org.testng.reporters.JUnitReportReporter -->
<testsuite hostname="41786VU" name="chapter03.hibernate.PersonTest" tests="1" failures="0" timestamp="8 Mar 2016 19:46:15 GMT" time="0.003" errors="0">
  <testcase name="testSavePerson" time="0.003" classname="chapter03.hibernate.PersonTest"/>
</testsuite> <!-- chapter03.hibernate.PersonTest -->
