<?xml version="1.0" encoding="UTF-8"?>
<!-- Generated by org.testng.reporters.JUnitReportReporter -->
<testsuite hostname="41786VU" name="chapter03.application.UpdateRankingTest" tests="2" failures="0" timestamp="8 Mar 2016 19:46:15 GMT" time="0.053" errors="0">
  <testcase name="updateExistingRanking" time="0.036" classname="chapter03.application.UpdateRankingTest"/>
  <testcase name="updateNonexistentRanking" time="0.017" classname="chapter03.application.UpdateRankingTest"/>
</testsuite> <!-- chapter03.application.UpdateRankingTest -->
