<?xml version="1.0" encoding="UTF-8"?>
<!-- Generated by org.testng.reporters.JUnitReportReporter -->
<testsuite hostname="41786VU" name="chapter03.application.FindAllRankingsTest" tests="2" failures="0" timestamp="8 Mar 2016 19:46:15 GMT" time="0.171" errors="0">
  <testcase name="findAllRankingsEmptySet" time="0.023" classname="chapter03.application.FindAllRankingsTest"/>
  <testcase name="findAllRankings" time="0.148" classname="chapter03.application.FindAllRankingsTest"/>
</testsuite> <!-- chapter03.application.FindAllRankingsTest -->
