<?xml version="1.0" encoding="UTF-8"?>
<!-- Generated by org.testng.reporters.JUnitReportReporter -->
<testsuite hostname="41786VU" name="chapter03.hibernate.RankingTest" tests="4" failures="0" timestamp="8 Mar 2016 19:46:15 GMT" time="1.487" errors="0">
  <testcase name="testSaveRanking" time="0.213" classname="chapter03.hibernate.RankingTest"/>
  <testcase name="removeRanking" time="0.407" classname="chapter03.hibernate.RankingTest"/>
  <testcase name="testRankings" time="0.428" classname="chapter03.hibernate.RankingTest"/>
  <testcase name="changeRanking" time="0.439" classname="chapter03.hibernate.RankingTest"/>
</testsuite> <!-- chapter03.hibernate.RankingTest -->
