<?xml version="1.0" encoding="UTF-8"?>
<!-- Generated by org.testng.reporters.JUnitReportReporter -->
<testsuite hostname="41786VU" name="chapter03.application.AddRankingTest" tests="1" failures="0" timestamp="8 Mar 2016 19:46:15 GMT" time="3.954" errors="0">
  <testcase name="addRanking" time="3.954" classname="chapter03.application.AddRankingTest"/>
</testsuite> <!-- chapter03.application.AddRankingTest -->
