<?xml version="1.0" encoding="UTF-8"?>
<!-- Generated by org.testng.reporters.JUnitReportReporter -->
<testsuite hostname="41786VU" name="chapter03.simple.ModelTest" tests="1" failures="0" timestamp="8 Mar 2016 19:46:15 GMT" time="0.034" errors="0">
  <testcase name="testModelCreation" time="0.034" classname="chapter03.simple.ModelTest"/>
</testsuite> <!-- chapter03.simple.ModelTest -->
