<?xml version="1.0" encoding="UTF-8"?>
<!-- Generated by org.testng.reporters.JUnitReportReporter -->
<testsuite hostname="41786VU" name="chapter03.application.FindBestRankingTest" tests="2" failures="0" timestamp="8 Mar 2016 19:46:15 GMT" time="0.174" errors="0">
  <testcase name="findBestForSkill" time="0.138" classname="chapter03.application.FindBestRankingTest"/>
  <testcase name="findBestForNonexistentSkill" time="0.036" classname="chapter03.application.FindBestRankingTest"/>
</testsuite> <!-- chapter03.application.FindBestRankingTest -->
