<?xml version="1.0" encoding="UTF-8"?>
<!-- Generated by org.testng.reporters.JUnitReportReporter -->
<testsuite hostname="41786VU" name="chapter03.application.RemoveRankingTest" tests="2" failures="0" timestamp="8 Mar 2016 19:46:15 GMT" time="0.068" errors="0">
  <testcase name="removeRanking" time="0.059" classname="chapter03.application.RemoveRankingTest"/>
  <testcase name="removeNonexistentRanking" time="0.009" classname="chapter03.application.RemoveRankingTest"/>
</testsuite> <!-- chapter03.application.RemoveRankingTest -->
