<?xml version="1.0" encoding="UTF-8"?>
<!-- Generated by org.testng.reporters.JUnitReportReporter -->
<testsuite hostname="41786VU" name="chapter04.id.IdentityTest" tests="6" failures="0" timestamp="8 Mar 2016 19:46:22 GMT" time="0.028" errors="0">
  <testcase name="testSequenceIdentity" time="0.002" classname="chapter04.id.IdentityTest"/>
  <testcase name="testTableIdentity" time="0.010" classname="chapter04.id.IdentityTest"/>
  <testcase name="testNongeneratedIdentityFailure" time="0.000" classname="chapter04.id.IdentityTest"/>
  <testcase name="testNongeneratedIdentity" time="0.003" classname="chapter04.id.IdentityTest"/>
  <testcase name="testIdentityIdentity" time="0.003" classname="chapter04.id.IdentityTest"/>
  <testcase name="testAutoIdentity" time="0.010" classname="chapter04.id.IdentityTest"/>
</testsuite> <!-- chapter04.id.IdentityTest -->
