<?xml version="1.0" encoding="UTF-8"?>
<!-- Generated by org.testng.reporters.JUnitReportReporter -->
<testsuite hostname="41786VU" name="chapter04.broken.BrokenInversionTest" tests="3" failures="0" timestamp="8 Mar 2016 19:46:22 GMT" time="3.854" errors="0">
  <testcase name="testBrokenInversionCode" time="3.840" classname="chapter04.broken.BrokenInversionTest"/>
  <testcase name="testProperSimpleInversionCode" time="0.007" classname="chapter04.broken.BrokenInversionTest"/>
  <testcase name="testImpliedRelationship" time="0.007" classname="chapter04.broken.BrokenInversionTest"/>
</testsuite> <!-- chapter04.broken.BrokenInversionTest -->
