<?xml version="1.0" encoding="UTF-8"?>
<!-- Generated by org.testng.reporters.JUnitReportReporter -->
<testsuite hostname="41786VU" name="chapter04.general.MergeRefreshTest" tests="2" failures="0" timestamp="8 Mar 2016 19:46:22 GMT" time="0.030" errors="0">
  <testcase name="testRefresh" time="0.012" classname="chapter04.general.MergeRefreshTest"/>
  <testcase name="testMerge" time="0.018" classname="chapter04.general.MergeRefreshTest"/>
</testsuite> <!-- chapter04.general.MergeRefreshTest -->
