<?xml version="1.0" encoding="UTF-8"?>
<!-- Generated by org.testng.reporters.JUnitReportReporter -->
<testsuite hostname="41786VU" name="chapter04.mapped.WorkingInversionTest" tests="3" failures="0" timestamp="8 Mar 2016 19:46:22 GMT" time="0.030" errors="0">
  <testcase name="testBrokenInversionCode" time="0.010" classname="chapter04.mapped.WorkingInversionTest"/>
  <testcase name="testImpliedRelationship" time="0.008" classname="chapter04.mapped.WorkingInversionTest"/>
  <testcase name="testProperSimpleInversionCode" time="0.012" classname="chapter04.mapped.WorkingInversionTest"/>
</testsuite> <!-- chapter04.mapped.WorkingInversionTest -->
