<?xml version="1.0" encoding="UTF-8"?>
<!-- Generated by org.testng.reporters.JUnitReportReporter -->
<testsuite hostname="41786VU" name="chapter04.orphan.OrphanRemovalTest" tests="1" failures="0" timestamp="8 Mar 2016 19:46:22 GMT" time="0.221" errors="0">
  <testcase name="orphanRemovalTest" time="0.221" classname="chapter04.orphan.OrphanRemovalTest"/>
</testsuite> <!-- chapter04.orphan.OrphanRemovalTest -->
