<?xml version="1.0" encoding="UTF-8"?>
<!-- Generated by org.testng.reporters.JUnitReportReporter -->
<testsuite hostname="41786VU" name="chapter04.general.PersistingEntitiesTest" tests="3" failures="0" timestamp="8 Mar 2016 19:46:22 GMT" time="0.035" errors="0">
  <testcase name="testSaveOrUpdateEntity" time="0.018" classname="chapter04.general.PersistingEntitiesTest"/>
  <testcase name="testSavingEntitiesTwice" time="0.011" classname="chapter04.general.PersistingEntitiesTest"/>
  <testcase name="testSaveLoad" time="0.006" classname="chapter04.general.PersistingEntitiesTest"/>
</testsuite> <!-- chapter04.general.PersistingEntitiesTest -->
