<?xml version="1.0" encoding="UTF-8"?>
<!-- Generated by org.testng.reporters.JUnitReportReporter -->
<testsuite hostname="41786VU" name="com.redhat.osas.hibernate.util.SessionBuilderTest" tests="1" failures="0" timestamp="8 Mar 2016 19:46:06 GMT" time="0.767" errors="0">
  <testcase name="testSessionFactory" time="0.767" classname="com.redhat.osas.hibernate.util.SessionBuilderTest"/>
</testsuite> <!-- com.redhat.osas.hibernate.util.SessionBuilderTest -->
