<?xml version="1.0" encoding="UTF-8"?>
<!-- Generated by org.testng.reporters.JUnitReportReporter -->
<testsuite hostname="41786VU" name="com.redhat.osas.jpa.util.JPASessionUtilTest" tests="6" failures="0" timestamp="8 Mar 2016 19:46:06 GMT" time="2.978" errors="0">
  <testcase name="getEntityManager" time="2.350" classname="com.redhat.osas.jpa.util.JPASessionUtilTest"/>
  <testcase name="nonexistentSessionName" time="0.031" classname="com.redhat.osas.jpa.util.JPASessionUtilTest"/>
  <testcase name="testSession" time="0.026" classname="com.redhat.osas.jpa.util.JPASessionUtilTest"/>
  <testcase name="getSession" time="0.001" classname="com.redhat.osas.jpa.util.JPASessionUtilTest"/>
  <testcase name="nonexistentEntityManagerName" time="0.060" classname="com.redhat.osas.jpa.util.JPASessionUtilTest"/>
  <testcase name="testEntityManager" time="0.510" classname="com.redhat.osas.jpa.util.JPASessionUtilTest"/>
</testsuite> <!-- com.redhat.osas.jpa.util.JPASessionUtilTest -->
