<?xml version="1.0" encoding="UTF-8"?>
<!-- Generated by org.testng.reporters.JUnitReportReporter -->
<testsuite hostname="41786VU" name="chapter01.hibernate.PersistenceTest" tests="2" failures="0" timestamp="8 Mar 2016 19:45:53 GMT" time="0.313" errors="0">
  <testcase name="readMessage" time="0.197" classname="chapter01.hibernate.PersistenceTest"/>
  <testcase name="saveMessage" time="0.116" classname="chapter01.hibernate.PersistenceTest"/>
</testsuite> <!-- chapter01.hibernate.PersistenceTest -->
