<?xml version="1.0" encoding="UTF-8"?>
<!-- Generated by org.testng.reporters.JUnitReportReporter -->
<testsuite hostname="41786VU" name="chapter01.jdbc.PersistenceTest" tests="2" failures="0" timestamp="8 Mar 2016 19:45:53 GMT" time="0.023" errors="0">
  <testcase name="saveMessage" time="0.002" classname="chapter01.jdbc.PersistenceTest"/>
  <testcase name="readMessage" time="0.021" classname="chapter01.jdbc.PersistenceTest"/>
</testsuite> <!-- chapter01.jdbc.PersistenceTest -->
